
> expense-tracker@2.1.0 start
> electron . --automated-restart


数据库路径: C:\Users\LENOVO\AppData\Roaming\expense-tracker\expenses.db
数据库初始化完成
USDT->THB 汇率: 30.85
RMB->THB 汇率: 4.2
USDT->RMB 汇率: 6.86
开始查询所有记录... {
  startDate: '2026-02-27',
  endDate: '2026-03-26',
  name: null,
  location: null
}
查询到记录数: 102
开始计算统计数据... {
  startDate: '2026-02-27',
  endDate: '2026-03-26',
  name: null,
  location: null
}
用于统计的记录数: 102
统计计算完成: {
  '按日期': 13,
  '按位置': 46,
  '按日期位置': 84,
  '总记录': 102,
  '总额USDT': '109305.15',
  '总额RMB': '800135.86',
  '总额THB': '3358978.51'
}
