[2026-01-24 13:22:00] ==== [FORCE RESTART] Cleaning processes... ====
[2026-01-24 13:22:01] Stopping Process: electron.exe (PID: 78704)
[2026-01-24 13:22:02] Stopping Process: electron.exe (PID: 60908)
[2026-01-24 13:22:03] Stopping Process: electron.exe (PID: 71784)
[2026-01-24 13:22:04] Stopping Process: electron.exe (PID: 70168)
[2026-01-24 13:22:08] Launching Electron via CMD...
[2026-01-24 13:22:11] Checking... (1/15)
[2026-01-24 13:22:14] Checking... (2/15)
[2026-01-24 13:22:17] Checking... (3/15)
[2026-01-24 13:22:20] Checking... (4/15)
[2026-01-24 13:22:23] Checking... (5/15)
[2026-01-24 13:22:26] Checking... (6/15)
[2026-01-24 13:22:29] Checking... (7/15)
[2026-01-24 13:22:32] Checking... (8/15)
[2026-01-24 13:22:35] Checking... (9/15)
[2026-01-24 13:22:38] Checking... (10/15)
[2026-01-24 13:22:41] Checking... (11/15)
[2026-01-24 13:22:44] Checking... (12/15)
[2026-01-24 13:22:47] Checking... (13/15)
[2026-01-24 13:22:50] Checking... (14/15)
[2026-01-24 13:22:53] Checking... (15/15)
[2026-01-24 13:22:53] WARNING: Process started but port 3000 is still silent.
[2026-01-24 13:22:53] ==== Process Complete ====
[2026-01-25 08:00:02] ==== [FORCE RESTART] Cleaning processes... ====
[2026-01-25 08:00:03] Stopping Process: electron.exe (PID: 79848)
[2026-01-25 08:00:04] Stopping Process: electron.exe (PID: 90064)
[2026-01-25 08:00:05] Stopping Process: electron.exe (PID: 89524)
[2026-01-25 08:00:06] Stopping Process: electron.exe (PID: 71200)
[2026-01-25 08:00:10] Launching Electron via CMD...
[2026-01-25 08:00:13] Checking... (1/15)
[2026-01-25 08:00:16] Checking... (2/15)
[2026-01-25 08:00:20] Checking... (3/15)
[2026-01-25 08:00:22] Checking... (4/15)
[2026-01-25 08:00:25] Checking... (5/15)
[2026-01-25 08:00:29] Checking... (6/15)
[2026-01-25 08:00:31] Checking... (7/15)
[2026-01-25 08:00:35] Checking... (8/15)
[2026-01-25 08:00:38] Checking... (9/15)
[2026-01-25 08:00:41] Checking... (10/15)
[2026-01-25 08:00:44] Checking... (11/15)
[2026-01-25 08:00:47] Checking... (12/15)
[2026-01-25 08:00:50] Checking... (13/15)
[2026-01-25 08:00:53] Checking... (14/15)
[2026-01-25 08:00:56] Checking... (15/15)
[2026-01-25 08:00:56] WARNING: Process started but port 3000 is still silent.
[2026-01-25 08:00:56] ==== Process Complete ====
[2026-01-26 08:00:02] ==== [FORCE RESTART] Cleaning processes... ====
[2026-01-26 08:00:03] Stopping Process: electron.exe (PID: 14820)
[2026-01-26 08:00:03] Stopping Process: electron.exe (PID: 15860)
[2026-01-26 08:00:03] Stopping Process: electron.exe (PID: 8020)
[2026-01-26 08:00:04] Stopping Process: electron.exe (PID: 16024)
[2026-01-26 08:00:08] Launching Electron via CMD...
[2026-01-26 08:00:11] Checking... (1/15)
[2026-01-26 08:00:14] Checking... (2/15)
[2026-01-26 08:00:17] Checking... (3/15)
[2026-01-26 08:00:20] Checking... (4/15)
[2026-01-26 08:00:23] Checking... (5/15)
[2026-01-26 08:00:26] Checking... (6/15)
[2026-01-26 08:00:29] Checking... (7/15)
[2026-01-26 08:00:32] Checking... (8/15)
[2026-01-26 08:00:35] Checking... (9/15)
[2026-01-26 08:00:39] Checking... (10/15)
[2026-01-26 08:00:42] Checking... (11/15)
[2026-01-26 08:00:45] Checking... (12/15)
[2026-01-26 08:00:48] Checking... (13/15)
[2026-01-26 08:00:51] Checking... (14/15)
[2026-01-26 08:00:53] Checking... (15/15)
[2026-01-26 08:00:54] WARNING: Process started but port 3000 is still silent.
[2026-01-26 08:00:54] ==== Process Complete ====
[2026-01-27 08:00:02] ==== [FORCE RESTART] Cleaning processes... ====
[2026-01-27 08:00:02] Stopping Process: electron.exe (PID: 31952)
[2026-01-27 08:00:02] Stopping Process: electron.exe (PID: 15644)
[2026-01-27 08:00:03] Stopping Process: electron.exe (PID: 34196)
[2026-01-27 08:00:03] Stopping Process: electron.exe (PID: 2852)
[2026-01-27 08:00:03] Stopping Process: electron.exe (PID: 33540)
[2026-01-27 08:00:04] Stopping Process: electron.exe (PID: 9204)
[2026-01-27 08:00:04] Stopping Process: electron.exe (PID: 26196)
[2026-01-27 08:00:04] Stopping Process: electron.exe (PID: 17492)
[2026-01-27 08:00:04] Stopping Process: electron.exe (PID: 39868)
[2026-01-27 08:00:05] Stopping Process: electron.exe (PID: 27956)
[2026-01-27 08:00:05] Stopping Process: electron.exe (PID: 25356)
[2026-01-27 08:00:05] Stopping Process: electron.exe (PID: 39292)
[2026-01-27 08:00:10] Launching Electron via CMD...
[2026-01-27 08:00:13] Checking... (1/15)
[2026-01-27 08:00:16] Checking... (2/15)
[2026-01-27 08:00:19] Checking... (3/15)
[2026-01-27 08:00:22] Checking... (4/15)
[2026-01-27 08:00:25] Checking... (5/15)
[2026-01-27 08:00:28] Checking... (6/15)
[2026-01-27 08:00:31] Checking... (7/15)
[2026-01-27 08:00:34] Checking... (8/15)
[2026-01-27 08:00:37] Checking... (9/15)
[2026-01-27 08:00:40] Checking... (10/15)
[2026-01-27 08:00:43] Checking... (11/15)
[2026-01-27 08:00:46] Checking... (12/15)
[2026-01-27 08:00:49] Checking... (13/15)
[2026-01-27 08:00:52] Checking... (14/15)
[2026-01-27 08:00:55] Checking... (15/15)
[2026-01-27 08:00:55] WARNING: Process started but port 3000 is still silent.
[2026-01-27 08:00:55] ==== Process Complete ====
[2026-01-28 08:00:02] ==== [FORCE RESTART] Cleaning processes... ====
[2026-01-28 08:00:02] Stopping Process: electron.exe (PID: 20204)
[2026-01-28 08:00:02] Stopping Process: electron.exe (PID: 43372)
[2026-01-28 08:00:03] Stopping Process: electron.exe (PID: 45536)
[2026-01-28 08:00:03] Stopping Process: electron.exe (PID: 39472)
[2026-01-28 08:00:03] Stopping Process: electron.exe (PID: 44108)
[2026-01-28 08:00:03] Stopping Process: electron.exe (PID: 19204)
[2026-01-28 08:00:04] Stopping Process: electron.exe (PID: 41392)
[2026-01-28 08:00:04] Stopping Process: electron.exe (PID: 26100)
[2026-01-28 08:00:04] Stopping Process: electron.exe (PID: 34824)
[2026-01-28 08:00:08] Launching Electron via CMD...
[2026-01-28 08:00:11] Checking... (1/15)
[2026-01-28 08:00:14] Checking... (2/15)
[2026-01-28 08:00:16] Checking... (3/15)
[2026-01-28 08:00:19] Checking... (4/15)
[2026-01-28 08:00:22] Checking... (5/15)
[2026-01-28 08:00:25] Checking... (6/15)
[2026-01-28 08:00:28] Checking... (7/15)
[2026-01-28 08:00:30] Checking... (8/15)
[2026-01-28 08:00:33] Checking... (9/15)
[2026-01-28 08:00:36] Checking... (10/15)
[2026-01-28 08:00:39] Checking... (11/15)
[2026-01-28 08:00:42] Checking... (12/15)
[2026-01-28 08:00:44] Checking... (13/15)
[2026-01-28 08:00:47] Checking... (14/15)
[2026-01-28 08:00:50] Checking... (15/15)
[2026-01-28 08:00:50] WARNING: Process started but port 3000 is still silent.
[2026-01-28 08:00:50] ==== Process Complete ====
[2026-01-29 08:00:02] ==== [FORCE RESTART] Cleaning processes... ====
[2026-01-29 08:00:02] Stopping Process: electron.exe (PID: 18068)
[2026-01-29 08:00:02] Stopping Process: electron.exe (PID: 35668)
[2026-01-29 08:00:03] Stopping Process: electron.exe (PID: 13956)
[2026-01-29 08:00:03] Stopping Process: electron.exe (PID: 45108)
[2026-01-29 08:00:03] Stopping Process: electron.exe (PID: 17940)
[2026-01-29 08:00:04] Stopping Process: electron.exe (PID: 7288)
[2026-01-29 08:00:04] Stopping Process: electron.exe (PID: 45052)
[2026-01-29 08:00:05] Stopping Process: electron.exe (PID: 47932)
[2026-01-29 08:00:05] Stopping Process: electron.exe (PID: 41272)
[2026-01-29 08:00:09] Launching Electron via CMD...
[2026-01-29 08:00:12] Checking... (1/15)
[2026-01-29 08:00:15] Checking... (2/15)
[2026-01-29 08:00:17] Checking... (3/15)
[2026-01-29 08:00:20] Checking... (4/15)
[2026-01-29 08:00:23] Checking... (5/15)
[2026-01-29 08:00:26] Checking... (6/15)
[2026-01-29 08:00:29] Checking... (7/15)
[2026-01-29 08:00:32] Checking... (8/15)
[2026-01-29 08:00:35] Checking... (9/15)
[2026-01-29 08:00:37] Checking... (10/15)
[2026-01-29 08:00:40] Checking... (11/15)
[2026-01-29 08:00:43] Checking... (12/15)
[2026-01-29 08:00:46] Checking... (13/15)
[2026-01-29 08:00:49] Checking... (14/15)
[2026-01-29 08:00:52] Checking... (15/15)
[2026-01-29 08:00:52] WARNING: Process started but port 3000 is still silent.
[2026-01-29 08:00:52] ==== Process Complete ====
[2026-01-30 08:00:02] ==== [FORCE RESTART] Cleaning processes... ====
[2026-01-30 08:00:02] Stopping Process: electron.exe (PID: 14644)
[2026-01-30 08:00:02] Stopping Process: electron.exe (PID: 13696)
[2026-01-30 08:00:03] Stopping Process: electron.exe (PID: 35168)
[2026-01-30 08:00:03] Stopping Process: electron.exe (PID: 41192)
[2026-01-30 08:00:04] Stopping Process: electron.exe (PID: 13044)
[2026-01-30 08:00:04] Stopping Process: electron.exe (PID: 37016)
[2026-01-30 08:00:05] Stopping Process: electron.exe (PID: 45308)
[2026-01-30 08:00:05] Stopping Process: electron.exe (PID: 45516)
[2026-01-30 08:00:05] Stopping Process: electron.exe (PID: 52936)
[2026-01-30 08:00:09] Launching Electron via CMD...
[2026-01-30 08:00:12] Checking... (1/15)
[2026-01-30 08:00:15] Checking... (2/15)
[2026-01-30 08:00:18] Checking... (3/15)
[2026-01-30 08:00:21] Checking... (4/15)
[2026-01-30 08:00:24] Checking... (5/15)
[2026-01-30 08:00:26] Checking... (6/15)
[2026-01-30 08:00:29] Checking... (7/15)
[2026-01-30 08:00:32] Checking... (8/15)
[2026-01-30 08:00:35] Checking... (9/15)
[2026-01-30 08:00:38] Checking... (10/15)
[2026-01-30 08:00:41] Checking... (11/15)
[2026-01-30 08:00:43] Checking... (12/15)
[2026-01-30 08:00:46] Checking... (13/15)
[2026-01-30 08:00:49] Checking... (14/15)
[2026-01-30 08:00:52] Checking... (15/15)
[2026-01-30 08:00:52] WARNING: Process started but port 3000 is still silent.
[2026-01-30 08:00:52] ==== Process Complete ====
[2026-01-31 08:00:02] ==== [FORCE RESTART] Cleaning processes... ====
[2026-01-31 08:00:03] Stopping Process: electron.exe (PID: 9972)
[2026-01-31 08:00:03] Stopping Process: electron.exe (PID: 36044)
[2026-01-31 08:00:03] Stopping Process: electron.exe (PID: 36092)
[2026-01-31 08:00:04] Stopping Process: electron.exe (PID: 36140)
[2026-01-31 08:00:08] Launching Electron via CMD...
[2026-01-31 08:00:11] Checking... (1/15)
[2026-01-31 08:00:14] Checking... (2/15)
[2026-01-31 08:00:17] Checking... (3/15)
[2026-01-31 08:00:20] Checking... (4/15)
[2026-01-31 08:00:23] Checking... (5/15)
[2026-01-31 08:00:26] Checking... (6/15)
[2026-01-31 08:00:29] Checking... (7/15)
[2026-01-31 08:00:32] Checking... (8/15)
[2026-01-31 08:00:35] Checking... (9/15)
[2026-01-31 08:00:38] Checking... (10/15)
[2026-01-31 08:00:41] Checking... (11/15)
[2026-01-31 08:00:44] Checking... (12/15)
[2026-01-31 08:00:47] Checking... (13/15)
[2026-01-31 08:00:50] Checking... (14/15)
[2026-01-31 08:00:53] Checking... (15/15)
[2026-01-31 08:00:53] WARNING: Process started but port 3000 is still silent.
[2026-01-31 08:00:53] ==== Process Complete ====
[2026-02-01 08:00:02] ==== [FORCE RESTART] Cleaning processes... ====
[2026-02-01 08:00:02] Stopping Process: electron.exe (PID: 18460)
[2026-02-01 08:00:03] Stopping Process: electron.exe (PID: 27620)
[2026-02-01 08:00:03] Stopping Process: electron.exe (PID: 16444)
[2026-02-01 08:00:04] Stopping Process: electron.exe (PID: 33960)
[2026-02-01 08:00:04] Stopping Process: electron.exe (PID: 22636)
[2026-02-01 08:00:04] Stopping Process: electron.exe (PID: 21944)
[2026-02-01 08:00:05] Stopping Process: electron.exe (PID: 41880)
[2026-02-01 08:00:05] Stopping Process: electron.exe (PID: 30744)
[2026-02-01 08:00:05] Stopping Process: electron.exe (PID: 36884)
[2026-02-01 08:00:10] Launching Electron via CMD...
[2026-02-01 08:00:13] Checking... (1/15)
[2026-02-01 08:00:16] Checking... (2/15)
[2026-02-01 08:00:19] Checking... (3/15)
[2026-02-01 08:00:22] Checking... (4/15)
[2026-02-01 08:00:25] Checking... (5/15)
[2026-02-01 08:00:28] Checking... (6/15)
[2026-02-01 08:00:30] Checking... (7/15)
[2026-02-01 08:00:33] Checking... (8/15)
[2026-02-01 08:00:36] Checking... (9/15)
[2026-02-01 08:00:39] Checking... (10/15)
[2026-02-01 08:00:42] Checking... (11/15)
[2026-02-01 08:00:45] Checking... (12/15)
[2026-02-01 08:00:48] Checking... (13/15)
[2026-02-01 08:00:51] Checking... (14/15)
[2026-02-01 08:00:54] Checking... (15/15)
[2026-02-01 08:00:54] WARNING: Process started but port 3000 is still silent.
[2026-02-01 08:00:54] ==== Process Complete ====
[2026-02-02 08:00:02] ==== [FORCE RESTART] Cleaning processes... ====
[2026-02-02 08:00:02] Stopping Process: electron.exe (PID: 50888)
[2026-02-02 08:00:03] Stopping Process: electron.exe (PID: 31352)
[2026-02-02 08:00:03] Stopping Process: electron.exe (PID: 51292)
[2026-02-02 08:00:04] Stopping Process: electron.exe (PID: 18980)
[2026-02-02 08:00:04] Stopping Process: electron.exe (PID: 51152)
[2026-02-02 08:00:04] Stopping Process: electron.exe (PID: 49924)
[2026-02-02 08:00:05] Stopping Process: electron.exe (PID: 29524)
[2026-02-02 08:00:05] Stopping Process: electron.exe (PID: 8724)
[2026-02-02 08:00:06] Stopping Process: electron.exe (PID: 15176)
[2026-02-02 08:00:10] Launching Electron via CMD...
[2026-02-02 08:00:13] Checking... (1/15)
[2026-02-02 08:00:16] Checking... (2/15)
[2026-02-02 08:00:19] Checking... (3/15)
[2026-02-02 08:00:22] Checking... (4/15)
[2026-02-02 08:00:25] Checking... (5/15)
[2026-02-02 08:00:27] Checking... (6/15)
[2026-02-02 08:00:30] Checking... (7/15)
[2026-02-02 08:00:33] Checking... (8/15)
[2026-02-02 08:00:36] Checking... (9/15)
[2026-02-02 08:00:39] Checking... (10/15)
[2026-02-02 08:00:42] Checking... (11/15)
[2026-02-02 08:00:45] Checking... (12/15)
[2026-02-02 08:00:48] Checking... (13/15)
[2026-02-02 08:00:51] Checking... (14/15)
[2026-02-02 08:00:54] Checking... (15/15)
[2026-02-02 08:00:54] WARNING: Process started but port 3000 is still silent.
[2026-02-02 08:00:54] ==== Process Complete ====
[2026-02-03 08:00:02] ==== [FORCE RESTART] Cleaning processes... ====
[2026-02-03 08:00:02] Stopping Process: electron.exe (PID: 50856)
[2026-02-03 08:00:03] Stopping Process: electron.exe (PID: 8616)
[2026-02-03 08:00:04] Stopping Process: electron.exe (PID: 3976)
[2026-02-03 08:00:04] Stopping Process: electron.exe (PID: 50500)
[2026-02-03 08:00:05] Stopping Process: electron.exe (PID: 10108)
[2026-02-03 08:00:05] Stopping Process: electron.exe (PID: 49376)
[2026-02-03 08:00:06] Stopping Process: electron.exe (PID: 47416)
[2026-02-03 08:00:06] Stopping Process: electron.exe (PID: 37692)
[2026-02-03 08:00:07] Stopping Process: electron.exe (PID: 26208)
[2026-02-03 08:00:11] Launching Electron via CMD...
[2026-02-03 08:00:14] Checking... (1/15)
[2026-02-03 08:00:18] Checking... (2/15)
[2026-02-03 08:00:21] Checking... (3/15)
[2026-02-03 08:00:24] Checking... (4/15)
[2026-02-03 08:00:27] Checking... (5/15)
[2026-02-03 08:00:30] Checking... (6/15)
[2026-02-03 08:00:34] Checking... (7/15)
[2026-02-03 08:00:37] Checking... (8/15)
[2026-02-03 08:00:40] Checking... (9/15)
[2026-02-03 08:00:43] Checking... (10/15)
[2026-02-03 08:00:46] Checking... (11/15)
[2026-02-03 08:00:49] Checking... (12/15)
[2026-02-03 08:00:52] Checking... (13/15)
[2026-02-03 08:00:55] Checking... (14/15)
[2026-02-03 08:00:58] Checking... (15/15)
[2026-02-03 08:00:58] WARNING: Process started but port 3000 is still silent.
[2026-02-03 08:00:58] ==== Process Complete ====
[2026-02-04 08:00:02] ==== [FORCE RESTART] Cleaning processes... ====
[2026-02-04 08:00:02] Stopping Process: electron.exe (PID: 15340)
[2026-02-04 08:00:03] Stopping Process: electron.exe (PID: 26516)
[2026-02-04 08:00:04] Stopping Process: electron.exe (PID: 55456)
[2026-02-04 08:00:04] Stopping Process: electron.exe (PID: 37268)
[2026-02-04 08:00:05] Stopping Process: electron.exe (PID: 44780)
[2026-02-04 08:00:05] Stopping Process: electron.exe (PID: 47684)
[2026-02-04 08:00:06] Stopping Process: electron.exe (PID: 43628)
[2026-02-04 08:00:07] Stopping Process: electron.exe (PID: 47116)
[2026-02-04 08:00:07] Stopping Process: electron.exe (PID: 44216)
[2026-02-04 08:00:12] Launching Electron via CMD...
[2026-02-04 08:00:15] Checking... (1/15)
[2026-02-04 08:00:18] Checking... (2/15)
[2026-02-04 08:00:21] Checking... (3/15)
[2026-02-04 08:00:24] Checking... (4/15)
[2026-02-04 08:00:27] Checking... (5/15)
[2026-02-04 08:00:30] Checking... (6/15)
[2026-02-04 08:00:33] Checking... (7/15)
[2026-02-04 08:00:36] Checking... (8/15)
[2026-02-04 08:00:39] Checking... (9/15)
[2026-02-04 08:00:42] Checking... (10/15)
[2026-02-04 08:00:45] Checking... (11/15)
[2026-02-04 08:00:48] Checking... (12/15)
[2026-02-04 08:00:51] Checking... (13/15)
[2026-02-04 08:00:54] Checking... (14/15)
[2026-02-04 08:00:57] Checking... (15/15)
[2026-02-04 08:00:57] WARNING: Process started but port 3000 is still silent.
[2026-02-04 08:00:57] ==== Process Complete ====
[2026-02-05 08:00:02] ==== [FORCE RESTART] Cleaning processes... ====
[2026-02-05 08:00:03] Stopping Process: electron.exe (PID: 39724)
[2026-02-05 08:00:03] Stopping Process: electron.exe (PID: 60432)
[2026-02-05 08:00:04] Stopping Process: electron.exe (PID: 38492)
[2026-02-05 08:00:05] Stopping Process: electron.exe (PID: 33384)
[2026-02-05 08:00:05] Stopping Process: electron.exe (PID: 46744)
[2026-02-05 08:00:06] Stopping Process: electron.exe (PID: 19736)
[2026-02-05 08:00:07] Stopping Process: electron.exe (PID: 47108)
[2026-02-05 08:00:08] Stopping Process: electron.exe (PID: 58148)
[2026-02-05 08:00:08] Stopping Process: electron.exe (PID: 53844)
[2026-02-05 08:00:13] Launching Electron via CMD...
[2026-02-05 08:00:16] Checking... (1/15)
[2026-02-05 08:00:19] Checking... (2/15)
[2026-02-05 08:00:22] Checking... (3/15)
[2026-02-05 08:00:25] Checking... (4/15)
[2026-02-05 08:00:29] Checking... (5/15)
[2026-02-05 08:00:32] Checking... (6/15)
[2026-02-05 08:00:35] Checking... (7/15)
[2026-02-05 08:00:38] Checking... (8/15)
[2026-02-05 08:00:41] Checking... (9/15)
[2026-02-05 08:00:44] Checking... (10/15)
[2026-02-05 08:00:47] Checking... (11/15)
[2026-02-05 08:00:50] Checking... (12/15)
[2026-02-05 08:00:53] Checking... (13/15)
[2026-02-05 08:00:57] Checking... (14/15)
[2026-02-05 08:01:00] Checking... (15/15)
[2026-02-05 08:01:00] WARNING: Process started but port 3000 is still silent.
[2026-02-05 08:01:00] ==== Process Complete ====
[2026-02-06 08:00:02] ==== [FORCE RESTART] Cleaning processes... ====
[2026-02-06 08:00:03] Stopping Process: electron.exe (PID: 43024)
[2026-02-06 08:00:04] Stopping Process: electron.exe (PID: 61844)
[2026-02-06 08:00:05] Stopping Process: electron.exe (PID: 61460)
[2026-02-06 08:00:06] Stopping Process: electron.exe (PID: 57524)
[2026-02-06 08:00:07] Stopping Process: electron.exe (PID: 12684)
[2026-02-06 08:00:08] Stopping Process: electron.exe (PID: 21828)
[2026-02-06 08:00:10] Stopping Process: electron.exe (PID: 60724)
[2026-02-06 08:00:11] Stopping Process: electron.exe (PID: 10716)
[2026-02-06 08:00:12] Stopping Process: electron.exe (PID: 59540)
[2026-02-06 08:00:18] Launching Electron via CMD...
[2026-02-06 08:00:22] Checking... (1/15)
[2026-02-06 08:00:26] Checking... (2/15)
[2026-02-06 08:00:30] Checking... (3/15)
[2026-02-06 08:00:35] Checking... (4/15)
[2026-02-06 08:00:39] Checking... (5/15)
[2026-02-06 08:00:43] Checking... (6/15)
[2026-02-06 08:00:48] Checking... (7/15)
[2026-02-06 08:00:52] Checking... (8/15)
[2026-02-06 08:00:56] Checking... (9/15)
[2026-02-06 08:01:01] Checking... (10/15)
[2026-02-06 08:01:05] Checking... (11/15)
[2026-02-06 08:01:09] Checking... (12/15)
[2026-02-06 08:01:14] Checking... (13/15)
[2026-02-06 08:01:18] Checking... (14/15)
[2026-02-06 08:01:22] Checking... (15/15)
[2026-02-06 08:01:22] WARNING: Process started but port 3000 is still silent.
[2026-02-06 08:01:22] ==== Process Complete ====
[2026-02-07 08:00:02] ==== [FORCE RESTART] Cleaning processes... ====
[2026-02-07 08:00:03] Stopping Process: electron.exe (PID: 62432)
[2026-02-07 08:00:05] Stopping Process: electron.exe (PID: 57360)
[2026-02-07 08:00:06] Stopping Process: electron.exe (PID: 53816)
[2026-02-07 08:00:08] Stopping Process: electron.exe (PID: 34512)
[2026-02-07 08:00:09] Stopping Process: electron.exe (PID: 57040)
[2026-02-07 08:00:10] Stopping Process: electron.exe (PID: 68916)
[2026-02-07 08:00:12] Stopping Process: electron.exe (PID: 38416)
[2026-02-07 08:00:13] Stopping Process: electron.exe (PID: 51392)
[2026-02-07 08:00:15] Stopping Process: electron.exe (PID: 52848)
[2026-02-07 08:00:20] Launching Electron via CMD...
[2026-02-07 08:00:24] Checking... (1/15)
[2026-02-07 08:00:28] Checking... (2/15)
[2026-02-07 08:00:31] Checking... (3/15)
[2026-02-07 08:00:35] Checking... (4/15)
[2026-02-07 08:00:38] Checking... (5/15)
[2026-02-07 08:00:42] Checking... (6/15)
[2026-02-07 08:00:46] Checking... (7/15)
[2026-02-07 08:00:49] Checking... (8/15)
[2026-02-07 08:00:53] Checking... (9/15)
[2026-02-07 08:00:57] Checking... (10/15)
[2026-02-07 08:01:00] Checking... (11/15)
[2026-02-07 08:01:04] Checking... (12/15)
[2026-02-07 08:01:08] Checking... (13/15)
[2026-02-07 08:01:11] Checking... (14/15)
[2026-02-07 08:01:15] Checking... (15/15)
[2026-02-07 08:01:15] WARNING: Process started but port 3000 is still silent.
[2026-02-07 08:01:15] ==== Process Complete ====
[2026-02-08 08:00:02] ==== [FORCE RESTART] Cleaning processes... ====
[2026-02-08 08:00:03] Stopping Process: electron.exe (PID: 50808)
[2026-02-08 08:00:04] Stopping Process: electron.exe (PID: 60304)
[2026-02-08 08:00:06] Stopping Process: electron.exe (PID: 24648)
[2026-02-08 08:00:07] Stopping Process: electron.exe (PID: 16616)
[2026-02-08 08:00:08] Stopping Process: electron.exe (PID: 50044)
[2026-02-08 08:00:09] Stopping Process: electron.exe (PID: 57428)
[2026-02-08 08:00:11] Stopping Process: electron.exe (PID: 44572)
[2026-02-08 08:00:12] Stopping Process: electron.exe (PID: 38012)
[2026-02-08 08:00:13] Stopping Process: electron.exe (PID: 19320)
[2026-02-08 08:00:19] Launching Electron via CMD...
[2026-02-08 08:00:23] Checking... (1/15)
[2026-02-08 08:00:26] Checking... (2/15)
[2026-02-08 08:00:30] Checking... (3/15)
[2026-02-08 08:00:34] Checking... (4/15)
[2026-02-08 08:00:38] Checking... (5/15)
[2026-02-08 08:00:41] Checking... (6/15)
[2026-02-08 08:00:45] Checking... (7/15)
[2026-02-08 08:00:49] Checking... (8/15)
[2026-02-08 08:00:53] Checking... (9/15)
[2026-02-08 08:00:57] Checking... (10/15)
[2026-02-08 08:01:00] Checking... (11/15)
[2026-02-08 08:01:04] Checking... (12/15)
[2026-02-08 08:01:08] Checking... (13/15)
[2026-02-08 08:01:12] Checking... (14/15)
[2026-02-08 08:01:16] Checking... (15/15)
[2026-02-08 08:01:16] WARNING: Process started but port 3000 is still silent.
[2026-02-08 08:01:16] ==== Process Complete ====
[2026-02-09 08:00:02] ==== [FORCE RESTART] Cleaning processes... ====
[2026-02-09 08:00:04] Stopping Process: electron.exe (PID: 71360)
[2026-02-09 08:00:05] Stopping Process: electron.exe (PID: 23948)
[2026-02-09 08:00:06] Stopping Process: electron.exe (PID: 61832)
[2026-02-09 08:00:08] Stopping Process: electron.exe (PID: 20660)
[2026-02-09 08:00:09] Stopping Process: electron.exe (PID: 73596)
[2026-02-09 08:00:11] Stopping Process: electron.exe (PID: 72236)
[2026-02-09 08:00:12] Stopping Process: electron.exe (PID: 75368)
[2026-02-09 08:00:13] Stopping Process: electron.exe (PID: 68976)
[2026-02-09 08:00:15] Stopping Process: electron.exe (PID: 21356)
[2026-02-09 08:00:20] Launching Electron via CMD...
[2026-02-09 08:00:23] Checking... (1/15)
[2026-02-09 08:00:26] Checking... (2/15)
[2026-02-09 08:00:29] Checking... (3/15)
[2026-02-09 08:00:32] Checking... (4/15)
[2026-02-09 08:00:35] Checking... (5/15)
[2026-02-09 08:00:38] Checking... (6/15)
[2026-02-09 08:00:41] Checking... (7/15)
[2026-02-09 08:00:43] Checking... (8/15)
[2026-02-09 08:00:46] Checking... (9/15)
[2026-02-09 08:00:49] Checking... (10/15)
[2026-02-09 08:00:52] Checking... (11/15)
[2026-02-09 08:00:55] Checking... (12/15)
[2026-02-09 08:00:58] Checking... (13/15)
[2026-02-09 08:01:01] Checking... (14/15)
[2026-02-09 08:01:04] Checking... (15/15)
[2026-02-09 08:01:04] WARNING: Process started but port 3000 is still silent.
[2026-02-09 08:01:04] ==== Process Complete ====
[2026-02-10 08:00:01] ==== [FORCE RESTART] Cleaning processes... ====
[2026-02-10 08:00:02] Stopping Process: electron.exe (PID: 29776)
[2026-02-10 08:00:02] Stopping Process: electron.exe (PID: 33904)
[2026-02-10 08:00:03] Stopping Process: electron.exe (PID: 24708)
[2026-02-10 08:00:03] Stopping Process: electron.exe (PID: 30704)
[2026-02-10 08:00:07] Launching Electron via CMD...
[2026-02-10 08:00:10] Checking... (1/15)
[2026-02-10 08:00:14] Checking... (2/15)
[2026-02-10 08:00:17] Checking... (3/15)
[2026-02-10 08:00:20] Checking... (4/15)
[2026-02-10 08:00:23] Checking... (5/15)
[2026-02-10 08:00:27] Checking... (6/15)
[2026-02-10 08:00:30] Checking... (7/15)
[2026-02-10 08:00:33] Checking... (8/15)
[2026-02-10 08:00:36] Checking... (9/15)
[2026-02-10 08:00:39] Checking... (10/15)
[2026-02-10 08:00:43] Checking... (11/15)
[2026-02-10 08:00:46] Checking... (12/15)
[2026-02-10 08:00:49] Checking... (13/15)
[2026-02-10 08:00:52] Checking... (14/15)
[2026-02-10 08:00:56] Checking... (15/15)
[2026-02-10 08:00:56] WARNING: Process started but port 3000 is still silent.
[2026-02-10 08:00:56] ==== Process Complete ====
[2026-02-11 08:00:01] ==== [FORCE RESTART] Cleaning processes... ====
[2026-02-11 08:00:01] Stopping Process: electron.exe (PID: 5628)
[2026-02-11 08:00:02] Stopping Process: electron.exe (PID: 8924)
[2026-02-11 08:00:02] Stopping Process: electron.exe (PID: 40920)
[2026-02-11 08:00:02] Stopping Process: electron.exe (PID: 40396)
[2026-02-11 08:00:02] Stopping Process: electron.exe (PID: 35440)
[2026-02-11 08:00:03] Stopping Process: electron.exe (PID: 21908)
[2026-02-11 08:00:03] Stopping Process: electron.exe (PID: 29336)
[2026-02-11 08:00:03] Stopping Process: electron.exe (PID: 22684)
[2026-02-11 08:00:04] Stopping Process: electron.exe (PID: 39872)
[2026-02-11 08:00:08] Launching Electron via CMD...
[2026-02-11 08:00:11] Checking... (1/15)
[2026-02-11 08:00:15] Checking... (2/15)
[2026-02-11 08:00:18] Checking... (3/15)
[2026-02-11 08:00:21] Checking... (4/15)
[2026-02-11 08:00:24] Checking... (5/15)
[2026-02-11 08:00:28] Checking... (6/15)
[2026-02-11 08:00:31] Checking... (7/15)
[2026-02-11 08:00:34] Checking... (8/15)
[2026-02-11 08:00:37] Checking... (9/15)
[2026-02-11 08:00:40] Checking... (10/15)
[2026-02-11 08:00:44] Checking... (11/15)
[2026-02-11 08:00:47] Checking... (12/15)
[2026-02-11 08:00:50] Checking... (13/15)
[2026-02-11 08:00:53] Checking... (14/15)
[2026-02-11 08:00:56] Checking... (15/15)
[2026-02-11 08:00:56] WARNING: Process started but port 3000 is still silent.
[2026-02-11 08:00:56] ==== Process Complete ====
[2026-02-12 08:00:03] ==== [FORCE RESTART] Cleaning processes... ====
[2026-02-12 08:00:06] Launching Electron via CMD...
[2026-02-12 08:00:08] Checking... (1/15)
[2026-02-12 08:00:11] Checking... (2/15)
[2026-02-12 08:00:13] Checking... (3/15)
[2026-02-12 08:00:15] Checking... (4/15)
[2026-02-12 08:00:18] Checking... (5/15)
[2026-02-12 08:00:20] Checking... (6/15)
[2026-02-12 08:00:22] Checking... (7/15)
[2026-02-12 08:00:25] Checking... (8/15)
[2026-02-12 08:00:27] Checking... (9/15)
[2026-02-12 08:00:29] Checking... (10/15)
[2026-02-12 08:00:31] Checking... (11/15)
[2026-02-12 08:00:34] Checking... (12/15)
[2026-02-12 08:00:36] Checking... (13/15)
[2026-02-12 08:00:38] Checking... (14/15)
[2026-02-12 08:00:40] Checking... (15/15)
[2026-02-12 08:00:40] WARNING: Process started but port 3000 is still silent.
[2026-02-12 08:00:40] ==== Process Complete ====
[2026-02-13 08:00:02] ==== [FORCE RESTART] Cleaning processes... ====
[2026-02-13 08:00:02] Stopping Process: electron.exe (PID: 12012)
[2026-02-13 08:00:03] Stopping Process: electron.exe (PID: 2148)
[2026-02-13 08:00:03] Stopping Process: electron.exe (PID: 11724)
[2026-02-13 08:00:03] Stopping Process: electron.exe (PID: 12220)
[2026-02-13 08:00:03] Stopping Process: electron.exe (PID: 32748)
[2026-02-13 08:00:04] Stopping Process: electron.exe (PID: 19416)
[2026-02-13 08:00:04] Stopping Process: electron.exe (PID: 22236)
[2026-02-13 08:00:04] Stopping Process: electron.exe (PID: 9584)
[2026-02-13 08:00:04] Stopping Process: electron.exe (PID: 28184)
[2026-02-13 08:00:08] Launching Electron via CMD...
[2026-02-13 08:00:11] Checking... (1/15)
[2026-02-13 08:00:14] Checking... (2/15)
[2026-02-13 08:00:17] Checking... (3/15)
[2026-02-13 08:00:20] Checking... (4/15)
[2026-02-13 08:00:23] Checking... (5/15)
[2026-02-13 08:00:26] Checking... (6/15)
[2026-02-13 08:00:29] Checking... (7/15)
[2026-02-13 08:00:31] Checking... (8/15)
[2026-02-13 08:00:34] Checking... (9/15)
[2026-02-13 08:00:37] Checking... (10/15)
[2026-02-13 08:00:40] Checking... (11/15)
[2026-02-13 08:00:43] Checking... (12/15)
[2026-02-13 08:00:46] Checking... (13/15)
[2026-02-13 08:00:49] Checking... (14/15)
[2026-02-13 08:00:52] Checking... (15/15)
[2026-02-13 08:00:52] WARNING: Process started but port 3000 is still silent.
[2026-02-13 08:00:52] ==== Process Complete ====
[2026-02-14 08:00:02] ==== [FORCE RESTART] Cleaning processes... ====
[2026-02-14 08:00:02] Stopping Process: electron.exe (PID: 42496)
[2026-02-14 08:00:02] Stopping Process: electron.exe (PID: 39780)
[2026-02-14 08:00:03] Stopping Process: electron.exe (PID: 38052)
[2026-02-14 08:00:03] Stopping Process: electron.exe (PID: 42280)
[2026-02-14 08:00:03] Stopping Process: electron.exe (PID: 43212)
[2026-02-14 08:00:04] Stopping Process: electron.exe (PID: 43400)
[2026-02-14 08:00:04] Stopping Process: electron.exe (PID: 48480)
[2026-02-14 08:00:04] Stopping Process: electron.exe (PID: 30760)
[2026-02-14 08:00:05] Stopping Process: electron.exe (PID: 11572)
[2026-02-14 08:00:09] Launching Electron via CMD...
[2026-02-14 08:00:12] Checking... (1/15)
[2026-02-14 08:00:15] Checking... (2/15)
[2026-02-14 08:00:18] Checking... (3/15)
[2026-02-14 08:00:21] Checking... (4/15)
[2026-02-14 08:00:24] Checking... (5/15)
[2026-02-14 08:00:27] Checking... (6/15)
[2026-02-14 08:00:30] Checking... (7/15)
[2026-02-14 08:00:33] Checking... (8/15)
[2026-02-14 08:00:36] Checking... (9/15)
[2026-02-14 08:00:40] Checking... (10/15)
[2026-02-14 08:00:43] Checking... (11/15)
[2026-02-14 08:00:46] Checking... (12/15)
[2026-02-14 08:00:49] Checking... (13/15)
[2026-02-14 08:00:52] Checking... (14/15)
[2026-02-14 08:00:55] Checking... (15/15)
[2026-02-14 08:00:55] WARNING: Process started but port 3000 is still silent.
[2026-02-14 08:00:55] ==== Process Complete ====
[2026-02-15 08:00:02] ==== [FORCE RESTART] Cleaning processes... ====
[2026-02-15 08:00:02] Stopping Process: electron.exe (PID: 52264)
[2026-02-15 08:00:02] Stopping Process: electron.exe (PID: 42564)
[2026-02-15 08:00:03] Stopping Process: electron.exe (PID: 30020)
[2026-02-15 08:00:03] Stopping Process: electron.exe (PID: 50788)
[2026-02-15 08:00:03] Stopping Process: electron.exe (PID: 23504)
[2026-02-15 08:00:04] Stopping Process: electron.exe (PID: 53980)
[2026-02-15 08:00:04] Stopping Process: electron.exe (PID: 55640)
[2026-02-15 08:00:04] Stopping Process: electron.exe (PID: 48560)
[2026-02-15 08:00:05] Stopping Process: electron.exe (PID: 27088)
[2026-02-15 08:00:09] Launching Electron via CMD...
[2026-02-15 08:00:12] Checking... (1/15)
[2026-02-15 08:00:15] Checking... (2/15)
[2026-02-15 08:00:18] Checking... (3/15)
[2026-02-15 08:00:21] Checking... (4/15)
[2026-02-15 08:00:23] Checking... (5/15)
[2026-02-15 08:00:26] Checking... (6/15)
[2026-02-15 08:00:29] Checking... (7/15)
[2026-02-15 08:00:32] Checking... (8/15)
[2026-02-15 08:00:35] Checking... (9/15)
[2026-02-15 08:00:38] Checking... (10/15)
[2026-02-15 08:00:41] Checking... (11/15)
[2026-02-15 08:00:44] Checking... (12/15)
[2026-02-15 08:00:46] Checking... (13/15)
[2026-02-15 08:00:49] Checking... (14/15)
[2026-02-15 08:00:52] Checking... (15/15)
[2026-02-15 08:00:52] WARNING: Process started but port 3000 is still silent.
[2026-02-15 08:00:52] ==== Process Complete ====
[2026-02-16 08:00:02] ==== [FORCE RESTART] Cleaning processes... ====
[2026-02-16 08:00:02] Stopping Process: electron.exe (PID: 61696)
[2026-02-16 08:00:02] Stopping Process: electron.exe (PID: 31764)
[2026-02-16 08:00:03] Stopping Process: electron.exe (PID: 61576)
[2026-02-16 08:00:03] Stopping Process: electron.exe (PID: 57516)
[2026-02-16 08:00:04] Stopping Process: electron.exe (PID: 58868)
[2026-02-16 08:00:04] Stopping Process: electron.exe (PID: 59584)
[2026-02-16 08:00:04] Stopping Process: electron.exe (PID: 49764)
[2026-02-16 08:00:05] Stopping Process: electron.exe (PID: 53032)
[2026-02-16 08:00:05] Stopping Process: electron.exe (PID: 44448)
[2026-02-16 08:00:09] Launching Electron via CMD...
[2026-02-16 08:00:12] Checking... (1/15)
[2026-02-16 08:00:14] Checking... (2/15)
[2026-02-16 08:00:17] Checking... (3/15)
[2026-02-16 08:00:20] Checking... (4/15)
[2026-02-16 08:00:23] Checking... (5/15)
[2026-02-16 08:00:26] Checking... (6/15)
[2026-02-16 08:00:29] Checking... (7/15)
[2026-02-16 08:00:32] Checking... (8/15)
[2026-02-16 08:00:35] Checking... (9/15)
[2026-02-16 08:00:38] Checking... (10/15)
[2026-02-16 08:00:41] Checking... (11/15)
[2026-02-16 08:00:44] Checking... (12/15)
[2026-02-16 08:00:47] Checking... (13/15)
[2026-02-16 08:00:49] Checking... (14/15)
[2026-02-16 08:00:53] Checking... (15/15)
[2026-02-16 08:00:53] WARNING: Process started but port 3000 is still silent.
[2026-02-16 08:00:53] ==== Process Complete ====
[2026-02-17 08:00:02] ==== [FORCE RESTART] Cleaning processes... ====
[2026-02-17 08:00:02] Stopping Process: electron.exe (PID: 46160)
[2026-02-17 08:00:03] Stopping Process: electron.exe (PID: 16652)
[2026-02-17 08:00:03] Stopping Process: electron.exe (PID: 59272)
[2026-02-17 08:00:03] Stopping Process: electron.exe (PID: 50380)
[2026-02-17 08:00:04] Stopping Process: electron.exe (PID: 61988)
[2026-02-17 08:00:04] Stopping Process: electron.exe (PID: 21124)
[2026-02-17 08:00:04] Stopping Process: electron.exe (PID: 2936)
[2026-02-17 08:00:04] Stopping Process: electron.exe (PID: 68052)
[2026-02-17 08:00:05] Stopping Process: electron.exe (PID: 57532)
[2026-02-17 08:00:09] Launching Electron via CMD...
[2026-02-17 08:00:12] Checking... (1/15)
[2026-02-17 08:00:15] Checking... (2/15)
[2026-02-17 08:00:18] Checking... (3/15)
[2026-02-17 08:00:22] Checking... (4/15)
[2026-02-17 08:00:25] Checking... (5/15)
[2026-02-17 08:00:28] Checking... (6/15)
[2026-02-17 08:00:31] Checking... (7/15)
[2026-02-17 08:00:34] Checking... (8/15)
[2026-02-17 08:00:37] Checking... (9/15)
[2026-02-17 08:00:41] Checking... (10/15)
[2026-02-17 08:00:44] Checking... (11/15)
[2026-02-17 08:00:47] Checking... (12/15)
[2026-02-17 08:00:50] Checking... (13/15)
[2026-02-17 08:00:53] Checking... (14/15)
[2026-02-17 08:00:56] Checking... (15/15)
[2026-02-17 08:00:56] WARNING: Process started but port 3000 is still silent.
[2026-02-17 08:00:56] ==== Process Complete ====
[2026-02-18 08:00:02] ==== [FORCE RESTART] Cleaning processes... ====
[2026-02-18 08:00:02] Stopping Process: electron.exe (PID: 61988)
[2026-02-18 08:00:03] Stopping Process: electron.exe (PID: 63908)
[2026-02-18 08:00:03] Stopping Process: electron.exe (PID: 35368)
[2026-02-18 08:00:03] Stopping Process: electron.exe (PID: 62540)
[2026-02-18 08:00:04] Stopping Process: electron.exe (PID: 47564)
[2026-02-18 08:00:04] Stopping Process: electron.exe (PID: 67340)
[2026-02-18 08:00:04] Stopping Process: electron.exe (PID: 66516)
[2026-02-18 08:00:05] Stopping Process: electron.exe (PID: 42392)
[2026-02-18 08:00:05] Stopping Process: electron.exe (PID: 61120)
[2026-02-18 08:00:09] Launching Electron via CMD...
[2026-02-18 08:00:12] Checking... (1/15)
[2026-02-18 08:00:15] Checking... (2/15)
[2026-02-18 08:00:18] Checking... (3/15)
[2026-02-18 08:00:21] Checking... (4/15)
[2026-02-18 08:00:24] Checking... (5/15)
[2026-02-18 08:00:27] Checking... (6/15)
[2026-02-18 08:00:30] Checking... (7/15)
[2026-02-18 08:00:33] Checking... (8/15)
[2026-02-18 08:00:36] Checking... (9/15)
[2026-02-18 08:00:39] Checking... (10/15)
[2026-02-18 08:00:42] Checking... (11/15)
[2026-02-18 08:00:45] Checking... (12/15)
[2026-02-18 08:00:47] Checking... (13/15)
[2026-02-18 08:00:50] Checking... (14/15)
[2026-02-18 08:00:53] Checking... (15/15)
[2026-02-18 08:00:53] WARNING: Process started but port 3000 is still silent.
[2026-02-18 08:00:53] ==== Process Complete ====
[2026-02-19 08:00:02] ==== [FORCE RESTART] Cleaning processes... ====
[2026-02-19 08:00:02] Stopping Process: electron.exe (PID: 71192)
[2026-02-19 08:00:03] Stopping Process: electron.exe (PID: 73760)
[2026-02-19 08:00:03] Stopping Process: electron.exe (PID: 72568)
[2026-02-19 08:00:03] Stopping Process: electron.exe (PID: 78548)
[2026-02-19 08:00:04] Stopping Process: electron.exe (PID: 73784)
[2026-02-19 08:00:04] Stopping Process: electron.exe (PID: 44172)
[2026-02-19 08:00:05] Stopping Process: electron.exe (PID: 79968)
[2026-02-19 08:00:05] Stopping Process: electron.exe (PID: 80012)
[2026-02-19 08:00:05] Stopping Process: electron.exe (PID: 80056)
[2026-02-19 08:00:09] Launching Electron via CMD...
[2026-02-19 08:00:12] Checking... (1/15)
[2026-02-19 08:00:15] Checking... (2/15)
[2026-02-19 08:00:18] Checking... (3/15)
[2026-02-19 08:00:21] Checking... (4/15)
[2026-02-19 08:00:24] Checking... (5/15)
[2026-02-19 08:00:27] Checking... (6/15)
[2026-02-19 08:00:30] Checking... (7/15)
[2026-02-19 08:00:32] Checking... (8/15)
[2026-02-19 08:00:35] Checking... (9/15)
[2026-02-19 08:00:38] Checking... (10/15)
[2026-02-19 08:00:41] Checking... (11/15)
[2026-02-19 08:00:44] Checking... (12/15)
[2026-02-19 08:00:47] Checking... (13/15)
[2026-02-19 08:00:50] Checking... (14/15)
[2026-02-19 08:00:53] Checking... (15/15)
[2026-02-19 08:00:53] WARNING: Process started but port 3000 is still silent.
[2026-02-19 08:00:53] ==== Process Complete ====
[2026-02-20 08:00:02] ==== [FORCE RESTART] Cleaning processes... ====
[2026-02-20 08:00:02] Stopping Process: electron.exe (PID: 64288)
[2026-02-20 08:00:03] Stopping Process: electron.exe (PID: 74548)
[2026-02-20 08:00:03] Stopping Process: electron.exe (PID: 80988)
[2026-02-20 08:00:04] Stopping Process: electron.exe (PID: 47900)
[2026-02-20 08:00:04] Stopping Process: electron.exe (PID: 56392)
[2026-02-20 08:00:05] Stopping Process: electron.exe (PID: 66072)
[2026-02-20 08:00:05] Stopping Process: electron.exe (PID: 32880)
[2026-02-20 08:00:05] Stopping Process: electron.exe (PID: 84952)
[2026-02-20 08:00:06] Stopping Process: electron.exe (PID: 70000)
[2026-02-20 08:00:10] Launching Electron via CMD...
[2026-02-20 08:00:13] Checking... (1/15)
[2026-02-20 08:00:16] Checking... (2/15)
[2026-02-20 08:00:19] Checking... (3/15)
[2026-02-20 08:00:22] Checking... (4/15)
[2026-02-20 08:00:24] Checking... (5/15)
[2026-02-20 08:00:27] Checking... (6/15)
[2026-02-20 08:00:30] Checking... (7/15)
[2026-02-20 08:00:33] Checking... (8/15)
[2026-02-20 08:00:36] Checking... (9/15)
[2026-02-20 08:00:39] Checking... (10/15)
[2026-02-20 08:00:41] Checking... (11/15)
[2026-02-20 08:00:44] Checking... (12/15)
[2026-02-20 08:00:47] Checking... (13/15)
[2026-02-20 08:00:50] Checking... (14/15)
[2026-02-20 08:00:53] Checking... (15/15)
[2026-02-20 08:00:53] WARNING: Process started but port 3000 is still silent.
[2026-02-20 08:00:53] ==== Process Complete ====
[2026-02-21 08:00:02] ==== [FORCE RESTART] Cleaning processes... ====
[2026-02-21 08:00:02] Stopping Process: electron.exe (PID: 67324)
[2026-02-21 08:00:03] Stopping Process: electron.exe (PID: 63088)
[2026-02-21 08:00:03] Stopping Process: electron.exe (PID: 86508)
[2026-02-21 08:00:04] Stopping Process: electron.exe (PID: 70064)
[2026-02-21 08:00:04] Stopping Process: electron.exe (PID: 57716)
[2026-02-21 08:00:05] Stopping Process: electron.exe (PID: 85832)
[2026-02-21 08:00:05] Stopping Process: electron.exe (PID: 31984)
[2026-02-21 08:00:06] Stopping Process: electron.exe (PID: 90012)
[2026-02-21 08:00:06] Stopping Process: electron.exe (PID: 82216)
[2026-02-21 08:00:10] Launching Electron via CMD...
[2026-02-21 08:00:14] Checking... (1/15)
[2026-02-21 08:00:17] Checking... (2/15)
[2026-02-21 08:00:20] Checking... (3/15)
[2026-02-21 08:00:23] Checking... (4/15)
[2026-02-21 08:00:26] Checking... (5/15)
[2026-02-21 08:00:29] Checking... (6/15)
[2026-02-21 08:00:32] Checking... (7/15)
[2026-02-21 08:00:36] Checking... (8/15)
[2026-02-21 08:00:39] Checking... (9/15)
[2026-02-21 08:00:42] Checking... (10/15)
[2026-02-21 08:00:45] Checking... (11/15)
[2026-02-21 08:00:48] Checking... (12/15)
[2026-02-21 08:00:51] Checking... (13/15)
[2026-02-21 08:00:54] Checking... (14/15)
[2026-02-21 08:00:57] Checking... (15/15)
[2026-02-21 08:00:57] WARNING: Process started but port 3000 is still silent.
[2026-02-21 08:00:57] ==== Process Complete ====
[2026-02-22 08:00:02] ==== [FORCE RESTART] Cleaning processes... ====
[2026-02-22 08:00:02] Stopping Process: electron.exe (PID: 94924)
[2026-02-22 08:00:03] Stopping Process: electron.exe (PID: 28428)
[2026-02-22 08:00:03] Stopping Process: electron.exe (PID: 94588)
[2026-02-22 08:00:04] Stopping Process: electron.exe (PID: 25100)
[2026-02-22 08:00:04] Stopping Process: electron.exe (PID: 92932)
[2026-02-22 08:00:05] Stopping Process: electron.exe (PID: 96440)
[2026-02-22 08:00:05] Stopping Process: electron.exe (PID: 92384)
[2026-02-22 08:00:06] Stopping Process: electron.exe (PID: 102628)
[2026-02-22 08:00:06] Stopping Process: electron.exe (PID: 100412)
[2026-02-22 08:00:11] Launching Electron via CMD...
[2026-02-22 08:00:13] Checking... (1/15)
[2026-02-22 08:00:16] Checking... (2/15)
[2026-02-22 08:00:19] Checking... (3/15)
[2026-02-22 08:00:22] Checking... (4/15)
[2026-02-22 08:00:25] Checking... (5/15)
[2026-02-22 08:00:28] Checking... (6/15)
[2026-02-22 08:00:31] Checking... (7/15)
[2026-02-22 08:00:34] Checking... (8/15)
[2026-02-22 08:00:37] Checking... (9/15)
[2026-02-22 08:00:40] Checking... (10/15)
[2026-02-22 08:00:43] Checking... (11/15)
[2026-02-22 08:00:46] Checking... (12/15)
[2026-02-22 08:00:49] Checking... (13/15)
[2026-02-22 08:00:52] Checking... (14/15)
[2026-02-22 08:00:55] Checking... (15/15)
[2026-02-22 08:00:55] WARNING: Process started but port 3000 is still silent.
[2026-02-22 08:00:55] ==== Process Complete ====
[2026-02-23 08:00:02] ==== [FORCE RESTART] Cleaning processes... ====
[2026-02-23 08:00:02] Stopping Process: electron.exe (PID: 100328)
[2026-02-23 08:00:03] Stopping Process: electron.exe (PID: 90040)
[2026-02-23 08:00:04] Stopping Process: electron.exe (PID: 35700)
[2026-02-23 08:00:04] Stopping Process: electron.exe (PID: 24048)
[2026-02-23 08:00:05] Stopping Process: electron.exe (PID: 40268)
[2026-02-23 08:00:05] Stopping Process: electron.exe (PID: 102812)
[2026-02-23 08:00:06] Stopping Process: electron.exe (PID: 68048)
[2026-02-23 08:00:06] Stopping Process: electron.exe (PID: 101420)
[2026-02-23 08:00:07] Stopping Process: electron.exe (PID: 55348)
[2026-02-23 08:00:11] Launching Electron via CMD...
[2026-02-23 08:00:14] Checking... (1/15)
[2026-02-23 08:00:17] Checking... (2/15)
[2026-02-23 08:00:20] Checking... (3/15)
[2026-02-23 08:00:23] Checking... (4/15)
[2026-02-23 08:00:26] Checking... (5/15)
[2026-02-23 08:00:29] Checking... (6/15)
[2026-02-23 08:00:32] Checking... (7/15)
[2026-02-23 08:00:35] Checking... (8/15)
[2026-02-23 08:00:38] Checking... (9/15)
[2026-02-23 08:00:41] Checking... (10/15)
[2026-02-23 08:00:44] Checking... (11/15)
[2026-02-23 08:00:47] Checking... (12/15)
[2026-02-23 08:00:50] Checking... (13/15)
[2026-02-23 08:00:53] Checking... (14/15)
[2026-02-23 08:00:56] Checking... (15/15)
[2026-02-23 08:00:56] WARNING: Process started but port 3000 is still silent.
[2026-02-23 08:00:56] ==== Process Complete ====
[2026-02-24 08:00:02] ==== [FORCE RESTART] Cleaning processes... ====
[2026-02-24 08:00:02] Stopping Process: electron.exe (PID: 104176)
[2026-02-24 08:00:03] Stopping Process: electron.exe (PID: 44344)
[2026-02-24 08:00:04] Stopping Process: electron.exe (PID: 99720)
[2026-02-24 08:00:05] Stopping Process: electron.exe (PID: 104616)
[2026-02-24 08:00:06] Stopping Process: electron.exe (PID: 88360)
[2026-02-24 08:00:07] Stopping Process: electron.exe (PID: 109524)
[2026-02-24 08:00:07] Stopping Process: electron.exe (PID: 111880)
[2026-02-24 08:00:08] Stopping Process: electron.exe (PID: 96120)
[2026-02-24 08:00:09] Stopping Process: electron.exe (PID: 43316)
[2026-02-24 08:00:14] Launching Electron via CMD...
[2026-02-24 08:00:17] Checking... (1/15)
[2026-02-24 08:00:21] Checking... (2/15)
[2026-02-24 08:00:24] Checking... (3/15)
[2026-02-24 08:00:28] Checking... (4/15)
[2026-02-24 08:00:31] Checking... (5/15)
[2026-02-24 08:00:35] Checking... (6/15)
[2026-02-24 08:00:38] Checking... (7/15)
[2026-02-24 08:00:42] Checking... (8/15)
[2026-02-24 08:00:45] Checking... (9/15)
[2026-02-24 08:00:49] Checking... (10/15)
[2026-02-24 08:00:52] Checking... (11/15)
[2026-02-24 08:00:56] Checking... (12/15)
[2026-02-24 08:00:59] Checking... (13/15)
[2026-02-24 08:01:03] Checking... (14/15)
[2026-02-24 08:01:06] Checking... (15/15)
[2026-02-24 08:01:06] WARNING: Process started but port 3000 is still silent.
[2026-02-24 08:01:06] ==== Process Complete ====
[2026-02-25 08:00:02] ==== [FORCE RESTART] Cleaning processes... ====
[2026-02-25 08:00:02] Stopping Process: electron.exe (PID: 98860)
[2026-02-25 08:00:03] Stopping Process: electron.exe (PID: 110400)
[2026-02-25 08:00:04] Stopping Process: electron.exe (PID: 99228)
[2026-02-25 08:00:05] Stopping Process: electron.exe (PID: 115484)
[2026-02-25 08:00:06] Stopping Process: electron.exe (PID: 110296)
[2026-02-25 08:00:06] Stopping Process: electron.exe (PID: 106492)
[2026-02-25 08:00:07] Stopping Process: electron.exe (PID: 82472)
[2026-02-25 08:00:08] Stopping Process: electron.exe (PID: 105128)
[2026-02-25 08:00:09] Stopping Process: electron.exe (PID: 115576)
[2026-02-25 08:00:13] Launching Electron via CMD...
[2026-02-25 08:00:17] Checking... (1/15)
[2026-02-25 08:00:20] Checking... (2/15)
[2026-02-25 08:00:23] Checking... (3/15)
[2026-02-25 08:00:26] Checking... (4/15)
[2026-02-25 08:00:30] Checking... (5/15)
[2026-02-25 08:00:32] Checking... (6/15)
[2026-02-25 08:00:36] Checking... (7/15)
[2026-02-25 08:00:38] Checking... (8/15)
[2026-02-25 08:00:42] Checking... (9/15)
[2026-02-25 08:00:44] Checking... (10/15)
[2026-02-25 08:00:47] Checking... (11/15)
[2026-02-25 08:00:50] Checking... (12/15)
[2026-02-25 08:00:53] Checking... (13/15)
[2026-02-25 08:00:56] Checking... (14/15)
[2026-02-25 08:01:00] Checking... (15/15)
[2026-02-25 08:01:00] WARNING: Process started but port 3000 is still silent.
[2026-02-25 08:01:00] ==== Process Complete ====
[2026-02-26 08:00:05] ==== [FORCE RESTART] Cleaning processes... ====
[2026-02-26 08:00:09] Launching Electron via CMD...
[2026-02-26 08:00:11] Checking... (1/15)
[2026-02-26 08:00:13] Checking... (2/15)
[2026-02-26 08:00:16] Checking... (3/15)
[2026-02-26 08:00:18] Checking... (4/15)
[2026-02-26 08:00:20] Checking... (5/15)
[2026-02-26 08:00:22] Checking... (6/15)
[2026-02-26 08:00:24] Checking... (7/15)
[2026-02-26 08:00:27] Checking... (8/15)
[2026-02-26 08:00:29] Checking... (9/15)
[2026-02-26 08:00:31] Checking... (10/15)
[2026-02-26 08:00:34] Checking... (11/15)
[2026-02-26 08:00:36] Checking... (12/15)
[2026-02-26 08:00:38] Checking... (13/15)
[2026-02-26 08:00:40] Checking... (14/15)
[2026-02-26 08:00:43] Checking... (15/15)
[2026-02-26 08:00:43] WARNING: Process started but port 3000 is still silent.
[2026-02-26 08:00:43] ==== Process Complete ====
[2026-02-27 08:00:02] ==== [FORCE RESTART] Cleaning processes... ====
[2026-02-27 08:00:02] Stopping Process: electron.exe (PID: 28016)
[2026-02-27 08:00:02] Stopping Process: electron.exe (PID: 27924)
[2026-02-27 08:00:02] Stopping Process: electron.exe (PID: 28232)
[2026-02-27 08:00:03] Stopping Process: electron.exe (PID: 27932)
[2026-02-27 08:00:06] Launching Electron via CMD...
[2026-02-27 08:00:09] Checking... (1/15)
[2026-02-27 08:00:12] Checking... (2/15)
[2026-02-27 08:00:15] Checking... (3/15)
[2026-02-27 08:00:18] Checking... (4/15)
[2026-02-27 08:00:21] Checking... (5/15)
[2026-02-27 08:00:24] Checking... (6/15)
[2026-02-27 08:00:27] Checking... (7/15)
[2026-02-27 08:00:30] Checking... (8/15)
[2026-02-27 08:00:33] Checking... (9/15)
[2026-02-27 08:00:35] Checking... (10/15)
[2026-02-27 08:00:38] Checking... (11/15)
[2026-02-27 08:00:41] Checking... (12/15)
[2026-02-27 08:00:44] Checking... (13/15)
[2026-02-27 08:00:47] Checking... (14/15)
[2026-02-27 08:00:50] Checking... (15/15)
[2026-02-27 08:00:50] WARNING: Process started but port 3000 is still silent.
[2026-02-27 08:00:50] ==== Process Complete ====
[2026-02-28 08:00:02] ==== [FORCE RESTART] Cleaning processes... ====
[2026-02-28 08:00:02] Stopping Process: electron.exe (PID: 26356)
[2026-02-28 08:00:02] Stopping Process: electron.exe (PID: 30188)
[2026-02-28 08:00:02] Stopping Process: electron.exe (PID: 29584)
[2026-02-28 08:00:03] Stopping Process: electron.exe (PID: 27328)
[2026-02-28 08:00:03] Stopping Process: electron.exe (PID: 14616)
[2026-02-28 08:00:03] Stopping Process: electron.exe (PID: 17864)
[2026-02-28 08:00:04] Stopping Process: electron.exe (PID: 32476)
[2026-02-28 08:00:04] Stopping Process: electron.exe (PID: 29092)
[2026-02-28 08:00:04] Stopping Process: electron.exe (PID: 33324)
[2026-02-28 08:00:08] Launching Electron via CMD...
[2026-02-28 08:00:12] Checking... (1/15)
[2026-02-28 08:00:15] Checking... (2/15)
[2026-02-28 08:00:18] Checking... (3/15)
[2026-02-28 08:00:21] Checking... (4/15)
[2026-02-28 08:00:25] Checking... (5/15)
[2026-02-28 08:00:28] Checking... (6/15)
[2026-02-28 08:00:31] Checking... (7/15)
[2026-02-28 08:00:34] Checking... (8/15)
[2026-02-28 08:00:38] Checking... (9/15)
[2026-02-28 08:00:41] Checking... (10/15)
[2026-02-28 08:00:44] Checking... (11/15)
[2026-02-28 08:00:47] Checking... (12/15)
[2026-02-28 08:00:50] Checking... (13/15)
[2026-02-28 08:00:54] Checking... (14/15)
[2026-02-28 08:00:57] Checking... (15/15)
[2026-02-28 08:00:57] WARNING: Process started but port 3000 is still silent.
[2026-02-28 08:00:57] ==== Process Complete ====
[2026-03-01 08:00:02] ==== [FORCE RESTART] Cleaning processes... ====
[2026-03-01 08:00:02] Stopping Process: electron.exe (PID: 41404)
[2026-03-01 08:00:02] Stopping Process: electron.exe (PID: 38252)
[2026-03-01 08:00:03] Stopping Process: electron.exe (PID: 27700)
[2026-03-01 08:00:03] Stopping Process: electron.exe (PID: 20080)
[2026-03-01 08:00:03] Stopping Process: electron.exe (PID: 36760)
[2026-03-01 08:00:04] Stopping Process: electron.exe (PID: 35532)
[2026-03-01 08:00:04] Stopping Process: electron.exe (PID: 20488)
[2026-03-01 08:00:05] Stopping Process: electron.exe (PID: 4212)
[2026-03-01 08:00:05] Stopping Process: electron.exe (PID: 9840)
[2026-03-01 08:00:09] Launching Electron via CMD...
[2026-03-01 08:00:13] Checking... (1/15)
[2026-03-01 08:00:16] Checking... (2/15)
[2026-03-01 08:00:19] Checking... (3/15)
[2026-03-01 08:00:23] Checking... (4/15)
[2026-03-01 08:00:26] Checking... (5/15)
[2026-03-01 08:00:29] Checking... (6/15)
[2026-03-01 08:00:33] Checking... (7/15)
[2026-03-01 08:00:36] Checking... (8/15)
[2026-03-01 08:00:39] Checking... (9/15)
[2026-03-01 08:00:43] Checking... (10/15)
[2026-03-01 08:00:46] Checking... (11/15)
[2026-03-01 08:00:50] Checking... (12/15)
[2026-03-01 08:00:53] Checking... (13/15)
[2026-03-01 08:00:56] Checking... (14/15)
[2026-03-01 08:01:00] Checking... (15/15)
[2026-03-01 08:01:00] WARNING: Process started but port 3000 is still silent.
[2026-03-01 08:01:00] ==== Process Complete ====
[2026-03-02 08:00:01] ==== [FORCE RESTART] Cleaning processes... ====
[2026-03-02 08:00:02] Stopping Process: electron.exe (PID: 27252)
[2026-03-02 08:00:02] Stopping Process: electron.exe (PID: 28696)
[2026-03-02 08:00:02] Stopping Process: electron.exe (PID: 28992)
[2026-03-02 08:00:02] Stopping Process: electron.exe (PID: 28884)
[2026-03-02 08:00:06] Launching Electron via CMD...
[2026-03-02 08:00:10] Checking... (1/15)
[2026-03-02 08:00:13] Checking... (2/15)
[2026-03-02 08:00:16] Checking... (3/15)
[2026-03-02 08:00:20] Checking... (4/15)
[2026-03-02 08:00:23] Checking... (5/15)
[2026-03-02 08:00:26] Checking... (6/15)
[2026-03-02 08:00:30] Checking... (7/15)
[2026-03-02 08:00:33] Checking... (8/15)
[2026-03-02 08:00:36] Checking... (9/15)
[2026-03-02 08:00:39] Checking... (10/15)
[2026-03-02 08:00:42] Checking... (11/15)
[2026-03-02 08:00:46] Checking... (12/15)
[2026-03-02 08:00:49] Checking... (13/15)
[2026-03-02 08:00:52] Checking... (14/15)
[2026-03-02 08:00:55] Checking... (15/15)
[2026-03-02 08:00:55] WARNING: Process started but port 3000 is still silent.
[2026-03-02 08:00:55] ==== Process Complete ====
[2026-03-03 08:00:01] ==== [FORCE RESTART] Cleaning processes... ====
[2026-03-03 08:00:02] Stopping Process: electron.exe (PID: 33168)
[2026-03-03 08:00:02] Stopping Process: electron.exe (PID: 6716)
[2026-03-03 08:00:02] Stopping Process: electron.exe (PID: 23240)
[2026-03-03 08:00:03] Stopping Process: electron.exe (PID: 17800)
[2026-03-03 08:00:03] Stopping Process: electron.exe (PID: 37224)
[2026-03-03 08:00:03] Stopping Process: electron.exe (PID: 34900)
[2026-03-03 08:00:04] Stopping Process: electron.exe (PID: 8992)
[2026-03-03 08:00:04] Stopping Process: electron.exe (PID: 39388)
[2026-03-03 08:00:04] Stopping Process: electron.exe (PID: 19164)
[2026-03-03 08:00:09] Launching Electron via CMD...
[2026-03-03 08:00:12] Checking... (1/15)
[2026-03-03 08:00:16] Checking... (2/15)
[2026-03-03 08:00:19] Checking... (3/15)
[2026-03-03 08:00:22] Checking... (4/15)
[2026-03-03 08:00:26] Checking... (5/15)
[2026-03-03 08:00:29] Checking... (6/15)
[2026-03-03 08:00:32] Checking... (7/15)
[2026-03-03 08:00:36] Checking... (8/15)
[2026-03-03 08:00:39] Checking... (9/15)
[2026-03-03 08:00:43] Checking... (10/15)
[2026-03-03 08:00:46] Checking... (11/15)
[2026-03-03 08:00:50] Checking... (12/15)
[2026-03-03 08:00:53] Checking... (13/15)
[2026-03-03 08:00:56] Checking... (14/15)
[2026-03-03 08:01:00] Checking... (15/15)
[2026-03-03 08:01:00] WARNING: Process started but port 3000 is still silent.
[2026-03-03 08:01:00] ==== Process Complete ====
[2026-03-04 08:00:01] ==== [FORCE RESTART] Cleaning processes... ====
[2026-03-04 08:00:02] Stopping Process: electron.exe (PID: 35884)
[2026-03-04 08:00:02] Stopping Process: electron.exe (PID: 30384)
[2026-03-04 08:00:03] Stopping Process: electron.exe (PID: 39460)
[2026-03-04 08:00:03] Stopping Process: electron.exe (PID: 38940)
[2026-03-04 08:00:03] Stopping Process: electron.exe (PID: 15184)
[2026-03-04 08:00:04] Stopping Process: electron.exe (PID: 18872)
[2026-03-04 08:00:04] Stopping Process: electron.exe (PID: 28496)
[2026-03-04 08:00:04] Stopping Process: electron.exe (PID: 8112)
[2026-03-04 08:00:05] Stopping Process: electron.exe (PID: 35560)
[2026-03-04 08:00:09] Launching Electron via CMD...
[2026-03-04 08:00:12] Checking... (1/15)
[2026-03-04 08:00:15] Checking... (2/15)
[2026-03-04 08:00:19] Checking... (3/15)
[2026-03-04 08:00:22] Checking... (4/15)
[2026-03-04 08:00:26] Checking... (5/15)
[2026-03-04 08:00:29] Checking... (6/15)
[2026-03-04 08:00:33] Checking... (7/15)
[2026-03-04 08:00:36] Checking... (8/15)
[2026-03-04 08:00:39] Checking... (9/15)
[2026-03-04 08:00:43] Checking... (10/15)
[2026-03-04 08:00:46] Checking... (11/15)
[2026-03-04 08:00:50] Checking... (12/15)
[2026-03-04 08:00:53] Checking... (13/15)
[2026-03-04 08:00:57] Checking... (14/15)
[2026-03-04 08:01:00] Checking... (15/15)
[2026-03-04 08:01:00] WARNING: Process started but port 3000 is still silent.
[2026-03-04 08:01:00] ==== Process Complete ====
[2026-03-05 08:00:01] ==== [FORCE RESTART] Cleaning processes... ====
[2026-03-05 08:00:02] Stopping Process: electron.exe (PID: 20900)
[2026-03-05 08:00:02] Stopping Process: electron.exe (PID: 32964)
[2026-03-05 08:00:02] Stopping Process: electron.exe (PID: 17484)
[2026-03-05 08:00:03] Stopping Process: electron.exe (PID: 28012)
[2026-03-05 08:00:03] Stopping Process: electron.exe (PID: 42584)
[2026-03-05 08:00:03] Stopping Process: electron.exe (PID: 14796)
[2026-03-05 08:00:04] Stopping Process: electron.exe (PID: 15164)
[2026-03-05 08:00:04] Stopping Process: electron.exe (PID: 29084)
[2026-03-05 08:00:04] Stopping Process: electron.exe (PID: 42620)
[2026-03-05 08:00:09] Launching Electron via CMD...
[2026-03-05 08:00:12] Checking... (1/15)
[2026-03-05 08:00:15] Checking... (2/15)
[2026-03-05 08:00:19] Checking... (3/15)
[2026-03-05 08:00:22] Checking... (4/15)
[2026-03-05 08:00:26] Checking... (5/15)
[2026-03-05 08:00:29] Checking... (6/15)
[2026-03-05 08:00:32] Checking... (7/15)
[2026-03-05 08:00:36] Checking... (8/15)
[2026-03-05 08:00:39] Checking... (9/15)
[2026-03-05 08:00:42] Checking... (10/15)
[2026-03-05 08:00:46] Checking... (11/15)
[2026-03-05 08:00:49] Checking... (12/15)
[2026-03-05 08:00:52] Checking... (13/15)
[2026-03-05 08:00:56] Checking... (14/15)
[2026-03-05 08:00:59] Checking... (15/15)
[2026-03-05 08:00:59] WARNING: Process started but port 3000 is still silent.
[2026-03-05 08:00:59] ==== Process Complete ====
[2026-03-06 08:00:01] ==== [FORCE RESTART] Cleaning processes... ====
[2026-03-06 08:00:02] Stopping Process: electron.exe (PID: 29976)
[2026-03-06 08:00:02] Stopping Process: electron.exe (PID: 17652)
[2026-03-06 08:00:02] Stopping Process: electron.exe (PID: 39340)
[2026-03-06 08:00:03] Stopping Process: electron.exe (PID: 45068)
[2026-03-06 08:00:03] Stopping Process: electron.exe (PID: 21460)
[2026-03-06 08:00:03] Stopping Process: electron.exe (PID: 44980)
[2026-03-06 08:00:04] Stopping Process: electron.exe (PID: 38196)
[2026-03-06 08:00:04] Stopping Process: electron.exe (PID: 3216)
[2026-03-06 08:00:04] Stopping Process: electron.exe (PID: 17664)
[2026-03-06 08:00:09] Launching Electron via CMD...
[2026-03-06 08:00:12] Checking... (1/15)
[2026-03-06 08:00:15] Checking... (2/15)
[2026-03-06 08:00:19] Checking... (3/15)
[2026-03-06 08:00:22] Checking... (4/15)
[2026-03-06 08:00:26] Checking... (5/15)
[2026-03-06 08:00:29] Checking... (6/15)
[2026-03-06 08:00:32] Checking... (7/15)
[2026-03-06 08:00:36] Checking... (8/15)
[2026-03-06 08:00:39] Checking... (9/15)
[2026-03-06 08:00:43] Checking... (10/15)
[2026-03-06 08:00:46] Checking... (11/15)
[2026-03-06 08:00:49] Checking... (12/15)
[2026-03-06 08:00:53] Checking... (13/15)
[2026-03-06 08:00:56] Checking... (14/15)
[2026-03-06 08:01:00] Checking... (15/15)
[2026-03-06 08:01:00] WARNING: Process started but port 3000 is still silent.
[2026-03-06 08:01:00] ==== Process Complete ====
[2026-03-07 08:00:01] ==== [FORCE RESTART] Cleaning processes... ====
[2026-03-07 08:00:02] Stopping Process: electron.exe (PID: 39284)
[2026-03-07 08:00:02] Stopping Process: electron.exe (PID: 38208)
[2026-03-07 08:00:02] Stopping Process: electron.exe (PID: 23208)
[2026-03-07 08:00:03] Stopping Process: electron.exe (PID: 14928)
[2026-03-07 08:00:03] Stopping Process: electron.exe (PID: 28912)
[2026-03-07 08:00:03] Stopping Process: electron.exe (PID: 14168)
[2026-03-07 08:00:03] Stopping Process: electron.exe (PID: 44952)
[2026-03-07 08:00:04] Stopping Process: electron.exe (PID: 47424)
[2026-03-07 08:00:04] Stopping Process: electron.exe (PID: 10420)
[2026-03-07 08:00:08] Launching Electron via CMD...
[2026-03-07 08:00:11] Checking... (1/15)
[2026-03-07 08:00:14] Checking... (2/15)
[2026-03-07 08:00:17] Checking... (3/15)
[2026-03-07 08:00:20] Checking... (4/15)
[2026-03-07 08:00:23] Checking... (5/15)
[2026-03-07 08:00:26] Checking... (6/15)
[2026-03-07 08:00:29] Checking... (7/15)
[2026-03-07 08:00:32] Checking... (8/15)
[2026-03-07 08:00:35] Checking... (9/15)
[2026-03-07 08:00:38] Checking... (10/15)
[2026-03-07 08:00:41] Checking... (11/15)
[2026-03-07 08:00:43] Checking... (12/15)
[2026-03-07 08:00:47] Checking... (13/15)
[2026-03-07 08:00:50] Checking... (14/15)
[2026-03-07 08:00:53] Checking... (15/15)
[2026-03-07 08:00:53] WARNING: Process started but port 3000 is still silent.
[2026-03-07 08:00:53] ==== Process Complete ====
[2026-03-08 08:00:01] ==== [FORCE RESTART] Cleaning processes... ====
[2026-03-08 08:00:02] Stopping Process: electron.exe (PID: 39680)
[2026-03-08 08:00:02] Stopping Process: electron.exe (PID: 45844)
[2026-03-08 08:00:02] Stopping Process: electron.exe (PID: 41188)
[2026-03-08 08:00:03] Stopping Process: electron.exe (PID: 19684)
[2026-03-08 08:00:03] Stopping Process: electron.exe (PID: 3300)
[2026-03-08 08:00:03] Stopping Process: electron.exe (PID: 46212)
[2026-03-08 08:00:04] Stopping Process: electron.exe (PID: 15992)
[2026-03-08 08:00:04] Stopping Process: electron.exe (PID: 32160)
[2026-03-08 08:00:04] Stopping Process: electron.exe (PID: 16412)
[2026-03-08 08:00:08] Launching Electron via CMD...
[2026-03-08 08:00:11] Checking... (1/15)
[2026-03-08 08:00:14] Checking... (2/15)
[2026-03-08 08:00:17] Checking... (3/15)
[2026-03-08 08:00:20] Checking... (4/15)
[2026-03-08 08:00:24] Checking... (5/15)
[2026-03-08 08:00:27] Checking... (6/15)
[2026-03-08 08:00:30] Checking... (7/15)
[2026-03-08 08:00:33] Checking... (8/15)
[2026-03-08 08:00:36] Checking... (9/15)
[2026-03-08 08:00:39] Checking... (10/15)
[2026-03-08 08:00:42] Checking... (11/15)
[2026-03-08 08:00:45] Checking... (12/15)
[2026-03-08 08:00:48] Checking... (13/15)
[2026-03-08 08:00:52] Checking... (14/15)
[2026-03-08 08:00:55] Checking... (15/15)
[2026-03-08 08:00:55] WARNING: Process started but port 3000 is still silent.
[2026-03-08 08:00:55] ==== Process Complete ====
[2026-03-09 08:00:01] ==== [FORCE RESTART] Cleaning processes... ====
[2026-03-09 08:00:02] Stopping Process: electron.exe (PID: 43920)
[2026-03-09 08:00:02] Stopping Process: electron.exe (PID: 41164)
[2026-03-09 08:00:03] Stopping Process: electron.exe (PID: 38660)
[2026-03-09 08:00:03] Stopping Process: electron.exe (PID: 46476)
[2026-03-09 08:00:03] Stopping Process: electron.exe (PID: 5968)
[2026-03-09 08:00:04] Stopping Process: electron.exe (PID: 39416)
[2026-03-09 08:00:04] Stopping Process: electron.exe (PID: 18444)
[2026-03-09 08:00:04] Stopping Process: electron.exe (PID: 43332)
[2026-03-09 08:00:05] Stopping Process: electron.exe (PID: 46180)
[2026-03-09 08:00:09] Launching Electron via CMD...
[2026-03-09 08:00:13] Checking... (1/15)
[2026-03-09 08:00:17] Checking... (2/15)
[2026-03-09 08:00:20] Checking... (3/15)
[2026-03-09 08:00:24] Checking... (4/15)
[2026-03-09 08:00:27] Checking... (5/15)
[2026-03-09 08:00:31] Checking... (6/15)
[2026-03-09 08:00:35] Checking... (7/15)
[2026-03-09 08:00:38] Checking... (8/15)
[2026-03-09 08:00:42] Checking... (9/15)
[2026-03-09 08:00:45] Checking... (10/15)
[2026-03-09 08:00:49] Checking... (11/15)
[2026-03-09 08:00:52] Checking... (12/15)
[2026-03-09 08:00:56] Checking... (13/15)
[2026-03-09 08:00:59] Checking... (14/15)
[2026-03-09 08:01:03] Checking... (15/15)
[2026-03-09 08:01:03] WARNING: Process started but port 3000 is still silent.
[2026-03-09 08:01:03] ==== Process Complete ====
[2026-03-10 08:00:01] ==== [FORCE RESTART] Cleaning processes... ====
[2026-03-10 08:00:02] Stopping Process: electron.exe (PID: 17428)
[2026-03-10 08:00:02] Stopping Process: electron.exe (PID: 14120)
[2026-03-10 08:00:02] Stopping Process: electron.exe (PID: 43692)
[2026-03-10 08:00:03] Stopping Process: electron.exe (PID: 43260)
[2026-03-10 08:00:03] Stopping Process: electron.exe (PID: 43388)
[2026-03-10 08:00:03] Stopping Process: electron.exe (PID: 30280)
[2026-03-10 08:00:04] Stopping Process: electron.exe (PID: 42676)
[2026-03-10 08:00:04] Stopping Process: electron.exe (PID: 8224)
[2026-03-10 08:00:04] Stopping Process: electron.exe (PID: 47112)
[2026-03-10 08:00:08] Launching Electron via CMD...
[2026-03-10 08:00:12] Checking... (1/15)
[2026-03-10 08:00:15] Checking... (2/15)
[2026-03-10 08:00:18] Checking... (3/15)
[2026-03-10 08:00:21] Checking... (4/15)
[2026-03-10 08:00:25] Checking... (5/15)
[2026-03-10 08:00:28] Checking... (6/15)
[2026-03-10 08:00:32] Checking... (7/15)
[2026-03-10 08:00:35] Checking... (8/15)
[2026-03-10 08:00:38] Checking... (9/15)
[2026-03-10 08:00:42] Checking... (10/15)
[2026-03-10 08:00:45] Checking... (11/15)
[2026-03-10 08:00:48] Checking... (12/15)
[2026-03-10 08:00:52] Checking... (13/15)
[2026-03-10 08:00:55] Checking... (14/15)
[2026-03-10 08:00:58] Checking... (15/15)
[2026-03-10 08:00:58] WARNING: Process started but port 3000 is still silent.
[2026-03-10 08:00:58] ==== Process Complete ====
[2026-03-11 08:00:01] ==== [FORCE RESTART] Cleaning processes... ====
[2026-03-11 08:00:02] Stopping Process: electron.exe (PID: 46576)
[2026-03-11 08:00:02] Stopping Process: electron.exe (PID: 4272)
[2026-03-11 08:00:03] Stopping Process: electron.exe (PID: 20632)
[2026-03-11 08:00:03] Stopping Process: electron.exe (PID: 47268)
[2026-03-11 08:00:04] Stopping Process: electron.exe (PID: 29596)
[2026-03-11 08:00:04] Stopping Process: electron.exe (PID: 32360)
[2026-03-11 08:00:04] Stopping Process: electron.exe (PID: 35444)
[2026-03-11 08:00:05] Stopping Process: electron.exe (PID: 49620)
[2026-03-11 08:00:05] Stopping Process: electron.exe (PID: 20232)
[2026-03-11 08:00:10] Launching Electron via CMD...
[2026-03-11 08:00:13] Checking... (1/15)
[2026-03-11 08:00:16] Checking... (2/15)
[2026-03-11 08:00:20] Checking... (3/15)
[2026-03-11 08:00:23] Checking... (4/15)
[2026-03-11 08:00:26] Checking... (5/15)
[2026-03-11 08:00:29] Checking... (6/15)
[2026-03-11 08:00:33] Checking... (7/15)
[2026-03-11 08:00:36] Checking... (8/15)
[2026-03-11 08:00:39] Checking... (9/15)
[2026-03-11 08:00:43] Checking... (10/15)
[2026-03-11 08:00:46] Checking... (11/15)
[2026-03-11 08:00:49] Checking... (12/15)
[2026-03-11 08:00:53] Checking... (13/15)
[2026-03-11 08:00:56] Checking... (14/15)
[2026-03-11 08:01:00] Checking... (15/15)
[2026-03-11 08:01:00] WARNING: Process started but port 3000 is still silent.
[2026-03-11 08:01:00] ==== Process Complete ====
[2026-03-12 08:00:03] ==== [FORCE RESTART] Cleaning processes... ====
[2026-03-12 08:00:06] Launching Electron via CMD...
[2026-03-12 08:00:09] Checking... (1/15)
[2026-03-12 08:00:11] Checking... (2/15)
[2026-03-12 08:00:13] Checking... (3/15)
[2026-03-12 08:00:16] Checking... (4/15)
[2026-03-12 08:00:18] Checking... (5/15)
[2026-03-12 08:00:20] Checking... (6/15)
[2026-03-12 08:00:22] Checking... (7/15)
[2026-03-12 08:00:25] Checking... (8/15)
[2026-03-12 08:00:27] Checking... (9/15)
[2026-03-12 08:00:29] Checking... (10/15)
[2026-03-12 08:00:32] Checking... (11/15)
[2026-03-12 08:00:34] Checking... (12/15)
[2026-03-12 08:00:36] Checking... (13/15)
[2026-03-12 08:00:39] Checking... (14/15)
[2026-03-12 08:00:41] Checking... (15/15)
[2026-03-12 08:00:41] WARNING: Process started but port 3000 is still silent.
[2026-03-12 08:00:41] ==== Process Complete ====
